08:44:06.706 [main] INFO  resources.base - User has clicked on the Logout Page from the Account Menu
08:44:06.818 [main] INFO  resources.base - User has clicked on the Forget Password Link from the Login Page
08:44:11.925 [main] INFO  resources.base - Email textbox is present on the Forget password page
08:44:14.984 [main] INFO  resources.base - User has clicked on the submit button on the forget password Page
08:44:15.043 [main] INFO  resources.base - Once the User click on Submit button then the validation message is appearing
08:44:18.510 [main] INFO  resources.base - User Clicked on Create Account Link from the Login Page
08:44:18.571 [main] INFO  resources.base - Signup Page is opended and its title is being captured
08:44:28.923 [main] INFO  resources.base - Email Text Box is present on the Signup Page
08:44:29.005 [main] INFO  resources.base - Verify button is present on the Signup Page and user has clicked on it
08:44:29.106 [main] INFO  resources.base - Once the User pressed the Verify button , Validation message is appearing on the Signup Page
08:56:32.835 [main] INFO  resources.base - The title of the home page is captured
08:56:32.835 [main] INFO  resources.base - The title of the Shop page is Verified Successfully
08:56:34.917 [main] INFO  resources.base - From the Home Page User has Clicked on MarkITPlace tab
08:56:34.917 [main] INFO  resources.base - User has routed to the Shop Page after clicking on MarketPlace link
08:56:37.143 [main] INFO  resources.base - User has Clicked on the Manage tab from the Home Dashboard
08:56:37.143 [main] INFO  resources.base - user has routed to the Manage Page after clicking on the manage Tab
08:56:37.186 [main] INFO  resources.base - User has Successfully nevigated to the manage Page
08:56:37.230 [main] INFO  resources.base - Billing & invoice link is present on the Manage Page
08:56:37.247 [main] INFO  resources.base - Calendar link is present on the Manage Page
08:56:37.267 [main] INFO  resources.base - Subscription link is present on the Manage Page
08:56:40.332 [main] INFO  resources.base - User has clicked on the Insight tab from the Home Page
08:56:40.376 [main] INFO  resources.base - After clicking on the Insight Tab from the Home page , User have successfully nevigate to the Insight Page
08:56:40.457 [main] INFO  resources.base - Dashboard Link is present on the Insight Page
08:56:40.479 [main] INFO  resources.base - Report Link is present on the Insight Page
08:56:42.534 [main] INFO  resources.base - User has clicked on the notification link from the Home Page
08:56:42.534 [main] INFO  resources.base - User has routed to the Notification page after clicking on the notification link
08:56:42.641 [main] INFO  resources.base - Notification heading is present on the Notifications page
08:56:42.671 [main] INFO  resources.base - All Notification tab is present on the Notifications page
08:56:42.694 [main] INFO  resources.base - Flagged tab is present on the Notifications page
08:56:47.765 [main] INFO  resources.base - User has clicked on the Logo from the Notification Page
08:56:47.812 [main] INFO  resources.base - After clicking on logo, user has roue to the Homepage
08:56:47.920 [main] INFO  resources.base - User has clicked on the Account menu from the Shop Page
08:56:53.230 [main] INFO  resources.base - User has clicked on the My Profile Page from the Account Menu
08:56:53.372 [main] INFO  resources.base - My Profile heading is present on My Profile Page
08:57:00.430 [main] INFO  resources.base - User has clicked on the Edit Profile button on My Profile Page
08:57:00.555 [main] INFO  resources.base - Edit profile heading is present on the Edit profile page
08:57:02.603 [main] INFO  resources.base - User has clicked on the Account menu from the Shop Page
08:57:02.686 [main] ERROR resources.base - User not able to click on the Change Password Link from the Account Menu
08:57:02.686 [main] ERROR resources.base - Invalid argument (WARNING: The server did not provide any stacktrace information)
Command duration or timeout: 0 milliseconds
Build info: version: '3.8.1', revision: '6e95a6684b', time: '2017-12-01T18:33:54.468Z'
System info: host: 'DESKTOP-B75F35K', ip: '192.168.14.216', os.name: 'Windows 10', os.arch: 'amd64', os.version: '10.0', java.version: '1.8.0_171'
Driver info: org.openqa.selenium.edge.EdgeDriver
Capabilities {InPrivate: false, acceptSslCerts: true, applicationCacheEnabled: true, browserName: MicrosoftEdge, browserVersion: 42.17134.1.0, javascriptEnabled: true, locationContextEnabled: true, pageLoadStrategy: normal, platform: WINDOWS, platformName: WINDOWS, platformVersion: 10, takesElementScreenshot: true, takesScreenshot: true, webStorageEnabled: true}
Session ID: E1E04FE7-4456-4650-83B1-24F7B237942D
08:57:02.743 [main] ERROR resources.base - User not able to click on the Account Setting from the left navigation menu
08:57:02.743 [main] ERROR resources.base - Unknown error (WARNING: The server did not provide any stacktrace information)
Command duration or timeout: 0 milliseconds
Build info: version: '3.8.1', revision: '6e95a6684b', time: '2017-12-01T18:33:54.468Z'
System info: host: 'DESKTOP-B75F35K', ip: '192.168.14.216', os.name: 'Windows 10', os.arch: 'amd64', os.version: '10.0', java.version: '1.8.0_171'
Driver info: org.openqa.selenium.edge.EdgeDriver
Capabilities {InPrivate: false, acceptSslCerts: true, applicationCacheEnabled: true, browserName: MicrosoftEdge, browserVersion: 42.17134.1.0, javascriptEnabled: true, locationContextEnabled: true, pageLoadStrategy: normal, platform: WINDOWS, platformName: WINDOWS, platformVersion: 10, takesElementScreenshot: true, takesScreenshot: true, webStorageEnabled: true}
Session ID: E1E04FE7-4456-4650-83B1-24F7B237942D
08:57:04.804 [main] INFO  resources.base - User has clicked on the Catalog Restrictions link from the left navigation menu
08:57:04.922 [main] INFO  resources.base - Catalog Restrictions heading is present on Catalog Page
08:57:06.971 [main] INFO  resources.base - User has clicked on the Domain link from the left navigation menu
08:57:09.072 [main] INFO  resources.base - User has clicked on the Account menu from the Shop Page
08:57:11.225 [main] INFO  resources.base - User has clicked on the Address of Use Link from the Account Menu
08:57:28.128 [main] INFO  resources.base - Address of Use heading is present on the Address Page
08:57:30.247 [main] INFO  resources.base - User has clicked on the Account menu from the Shop Page
08:57:32.405 [main] INFO  resources.base - User has clicked on the users Link from the Account Menu
08:57:34.540 [main] INFO  resources.base - User has clicked on the request tab on the users page
08:57:54.586 [main] ERROR resources.base - After clicking on request tab, the request tab has not become active
08:57:54.586 [main] ERROR resources.base - No such element (WARNING: The server did not provide any stacktrace information)
Command duration or timeout: 0 milliseconds
For documentation on this error, please visit: http://seleniumhq.org/exceptions/no_such_element.html
Build info: version: '3.8.1', revision: '6e95a6684b', time: '2017-12-01T18:33:54.468Z'
System info: host: 'DESKTOP-B75F35K', ip: '192.168.14.216', os.name: 'Windows 10', os.arch: 'amd64', os.version: '10.0', java.version: '1.8.0_171'
Driver info: org.openqa.selenium.edge.EdgeDriver
Capabilities {InPrivate: false, acceptSslCerts: true, applicationCacheEnabled: true, browserName: MicrosoftEdge, browserVersion: 42.17134.1.0, javascriptEnabled: true, locationContextEnabled: true, pageLoadStrategy: normal, platform: WINDOWS, platformName: WINDOWS, platformVersion: 10, takesElementScreenshot: true, takesScreenshot: true, webStorageEnabled: true}
Session ID: E1E04FE7-4456-4650-83B1-24F7B237942D
*** Element info: {Using=xpath, value=//a[@href='#RequestUsers' and @class = 'active show']}
08:57:56.685 [main] INFO  resources.base - User has clicked on the Invites tab on the users page
08:57:56.752 [main] INFO  resources.base - After clicking on Invites tab, the Invites tab becomes active
08:57:58.859 [main] INFO  resources.base - User has clicked on the Account menu from the Shop Page
08:58:01.234 [main] INFO  resources.base - User has clicked on the Logout Page from the Account Menu
08:58:01.377 [main] INFO  resources.base - User has clicked on the Forget Password Link from the Login Page
08:58:06.463 [main] INFO  resources.base - Email textbox is present on the Forget password page
08:58:09.524 [main] INFO  resources.base - User has clicked on the submit button on the forget password Page
08:58:09.570 [main] INFO  resources.base - Once the User click on Submit button then the validation message is appearing
08:58:13.007 [main] INFO  resources.base - User Clicked on Create Account Link from the Login Page
08:58:13.052 [main] INFO  resources.base - Signup Page is opended and its title is being captured
08:58:13.069 [main] INFO  resources.base - Email Text Box is present on the Signup Page
08:58:13.145 [main] INFO  resources.base - Verify button is present on the Signup Page and user has clicked on it
08:58:13.390 [main] INFO  resources.base - Once the User pressed the Verify button , Validation message is appearing on the Signup Page
09:03:26.887 [main] INFO  resources.base - The title of the home page is captured
09:03:26.887 [main] INFO  resources.base - The title of the Shop page is Verified Successfully
09:03:28.970 [main] INFO  resources.base - From the Home Page User has Clicked on MarkITPlace tab
09:03:28.970 [main] INFO  resources.base - User has routed to the Shop Page after clicking on MarketPlace link
09:03:31.287 [main] INFO  resources.base - User has Clicked on the Manage tab from the Home Dashboard
09:03:31.287 [main] INFO  resources.base - user has routed to the Manage Page after clicking on the manage Tab
09:03:31.335 [main] INFO  resources.base - User has Successfully nevigated to the manage Page
09:03:31.372 [main] INFO  resources.base - Billing & invoice link is present on the Manage Page
09:03:31.410 [main] INFO  resources.base - Calendar link is present on the Manage Page
09:03:31.430 [main] INFO  resources.base - Subscription link is present on the Manage Page
09:03:34.571 [main] INFO  resources.base - User has clicked on the Insight tab from the Home Page
09:03:34.621 [main] INFO  resources.base - After clicking on the Insight Tab from the Home page , User have successfully nevigate to the Insight Page
09:03:34.655 [main] INFO  resources.base - Dashboard Link is present on the Insight Page
09:03:34.678 [main] INFO  resources.base - Report Link is present on the Insight Page
09:03:36.748 [main] INFO  resources.base - User has clicked on the notification link from the Home Page
09:03:36.748 [main] INFO  resources.base - User has routed to the Notification page after clicking on the notification link
09:03:36.816 [main] INFO  resources.base - Notification heading is present on the Notifications page
09:03:36.844 [main] INFO  resources.base - All Notification tab is present on the Notifications page
09:03:36.867 [main] INFO  resources.base - Flagged tab is present on the Notifications page
09:03:41.935 [main] INFO  resources.base - User has clicked on the Logo from the Notification Page
09:03:41.994 [main] INFO  resources.base - After clicking on logo, user has roue to the Homepage
09:03:42.072 [main] INFO  resources.base - User has clicked on the Account menu from the Shop Page
09:03:47.403 [main] INFO  resources.base - User has clicked on the My Profile Page from the Account Menu
09:03:47.506 [main] INFO  resources.base - My Profile heading is present on My Profile Page
09:03:54.561 [main] INFO  resources.base - User has clicked on the Edit Profile button on My Profile Page
09:03:54.671 [main] INFO  resources.base - Edit profile heading is present on the Edit profile page
09:03:56.725 [main] INFO  resources.base - User has clicked on the Account menu from the Shop Page
09:03:56.824 [main] ERROR resources.base - User not able to click on the Change Password Link from the Account Menu
09:03:56.824 [main] ERROR resources.base - Invalid argument (WARNING: The server did not provide any stacktrace information)
Command duration or timeout: 0 milliseconds
Build info: version: '3.8.1', revision: '6e95a6684b', time: '2017-12-01T18:33:54.468Z'
System info: host: 'DESKTOP-B75F35K', ip: '192.168.14.216', os.name: 'Windows 10', os.arch: 'amd64', os.version: '10.0', java.version: '1.8.0_171'
Driver info: org.openqa.selenium.edge.EdgeDriver
Capabilities {InPrivate: false, acceptSslCerts: true, applicationCacheEnabled: true, browserName: MicrosoftEdge, browserVersion: 42.17134.1.0, javascriptEnabled: true, locationContextEnabled: true, pageLoadStrategy: normal, platform: WINDOWS, platformName: WINDOWS, platformVersion: 10, takesElementScreenshot: true, takesScreenshot: true, webStorageEnabled: true}
Session ID: FA269C55-DAB3-4EF7-9C03-5C57A926EDD6
09:03:58.898 [main] INFO  resources.base - User has clicked on the Account Setting from the left navigation menu
09:03:59.013 [main] INFO  resources.base - Account Settings heading is present on Account Settings Page
09:04:01.054 [main] INFO  resources.base - User has clicked on the Catalog Restrictions link from the left navigation menu
09:04:01.150 [main] INFO  resources.base - Catalog Restrictions heading is present on Catalog Page
09:04:03.200 [main] INFO  resources.base - User has clicked on the Domain link from the left navigation menu
09:04:05.328 [main] INFO  resources.base - User has clicked on the Account menu from the Shop Page
09:04:07.502 [main] INFO  resources.base - User has clicked on the Address of Use Link from the Account Menu
09:04:09.601 [main] INFO  resources.base - Address of Use heading is present on the Address Page
09:04:11.696 [main] INFO  resources.base - User has clicked on the Account menu from the Shop Page
09:04:13.868 [main] INFO  resources.base - User has clicked on the users Link from the Account Menu
09:04:19.015 [main] INFO  resources.base - Tabs are appearing on the Users Page
09:04:22.129 [main] INFO  resources.base - User has clicked on the request tab on the users page
09:04:22.212 [main] INFO  resources.base - After clicking on request tab, the request tab becomes active
09:04:24.278 [main] INFO  resources.base - User has clicked on the Invites tab on the users page
09:04:24.353 [main] INFO  resources.base - After clicking on Invites tab, the Invites tab becomes active
09:04:26.413 [main] INFO  resources.base - User has clicked on the Account menu from the Shop Page
09:04:28.607 [main] INFO  resources.base - User has clicked on the Logout Page from the Account Menu
09:04:28.744 [main] INFO  resources.base - User has clicked on the Forget Password Link from the Login Page
09:04:33.827 [main] INFO  resources.base - Email textbox is present on the Forget password page
09:04:36.896 [main] INFO  resources.base - User has clicked on the submit button on the forget password Page
09:04:36.952 [main] INFO  resources.base - Once the User click on Submit button then the validation message is appearing
09:04:40.412 [main] INFO  resources.base - User Clicked on Create Account Link from the Login Page
09:04:40.466 [main] INFO  resources.base - Signup Page is opended and its title is being captured
09:04:40.485 [main] INFO  resources.base - Email Text Box is present on the Signup Page
09:04:40.564 [main] INFO  resources.base - Verify button is present on the Signup Page and user has clicked on it
09:04:40.773 [main] INFO  resources.base - Once the User pressed the Verify button , Validation message is appearing on the Signup Page
09:36:31.885 [main] INFO  resources.base - The title of the home page is captured
09:36:31.885 [main] INFO  resources.base - The title of the Shop page is Verified Successfully
09:36:34.012 [main] INFO  resources.base - From the Home Page User has Clicked on MarkITPlace tab
09:36:34.012 [main] INFO  resources.base - User has routed to the Shop Page after clicking on MarketPlace link
09:36:36.196 [main] INFO  resources.base - User has Clicked on the Manage tab from the Home Dashboard
09:36:36.196 [main] INFO  resources.base - user has routed to the Manage Page after clicking on the manage Tab
09:36:36.251 [main] INFO  resources.base - User has Successfully nevigated to the manage Page
09:36:36.273 [main] INFO  resources.base - Billing & invoice link is present on the Manage Page
09:36:36.323 [main] INFO  resources.base - Calendar link is present on the Manage Page
09:36:36.340 [main] INFO  resources.base - Subscription link is present on the Manage Page
09:36:39.424 [main] INFO  resources.base - User has clicked on the Insight tab from the Home Page
09:36:39.538 [main] INFO  resources.base - After clicking on the Insight Tab from the Home page , User have successfully nevigate to the Insight Page
09:36:39.582 [main] INFO  resources.base - Dashboard Link is present on the Insight Page
09:36:39.589 [main] INFO  resources.base - Report Link is present on the Insight Page
09:36:41.608 [main] INFO  resources.base - User has clicked on the notification link from the Home Page
09:36:41.608 [main] INFO  resources.base - User has routed to the Notification page after clicking on the notification link
09:36:41.676 [main] INFO  resources.base - Notification heading is present on the Notifications page
09:36:41.699 [main] INFO  resources.base - All Notification tab is present on the Notifications page
09:36:41.721 [main] INFO  resources.base - Flagged tab is present on the Notifications page
09:36:46.767 [main] INFO  resources.base - User has clicked on the Logo from the Notification Page
09:36:46.818 [main] INFO  resources.base - After clicking on logo, user has roue to the Homepage
09:36:46.923 [main] INFO  resources.base - User has clicked on the Account menu from the Shop Page
09:36:52.233 [main] INFO  resources.base - User has clicked on the My Profile Page from the Account Menu
09:36:52.346 [main] INFO  resources.base - My Profile heading is present on My Profile Page
09:36:59.412 [main] INFO  resources.base - User has clicked on the Edit Profile button on My Profile Page
09:36:59.509 [main] INFO  resources.base - Edit profile heading is present on the Edit profile page
09:37:01.589 [main] INFO  resources.base - User has clicked on the Account menu from the Shop Page
09:37:06.738 [main] INFO  resources.base - User has clicked on the Change Password Link from the Account Menu
09:37:06.831 [main] INFO  resources.base - Change password heading is present on Change Password Page
09:37:08.896 [main] INFO  resources.base - User has clicked on the Account Setting from the left navigation menu
09:37:09.059 [main] INFO  resources.base - Account Settings heading is present on Account Settings Page
09:37:11.123 [main] INFO  resources.base - User has clicked on the Catalog Restrictions link from the left navigation menu
09:37:11.261 [main] INFO  resources.base - Catalog Restrictions heading is present on Catalog Page
09:37:13.321 [main] INFO  resources.base - User has clicked on the Domain link from the left navigation menu
09:37:13.484 [main] INFO  resources.base - Manage Domains heading is present on Domain Page
09:37:15.566 [main] INFO  resources.base - User has clicked on the Account menu from the Shop Page
09:37:15.638 [main] ERROR resources.base - User not able to click on the Address of Use Link from the Account Menu
09:37:15.638 [main] ERROR resources.base - Invalid argument (WARNING: The server did not provide any stacktrace information)
Command duration or timeout: 0 milliseconds
Build info: version: '3.8.1', revision: '6e95a6684b', time: '2017-12-01T18:33:54.468Z'
System info: host: 'DESKTOP-B75F35K', ip: '192.168.14.216', os.name: 'Windows 10', os.arch: 'amd64', os.version: '10.0', java.version: '1.8.0_171'
Driver info: org.openqa.selenium.edge.EdgeDriver
Capabilities {InPrivate: false, acceptSslCerts: true, applicationCacheEnabled: true, browserName: MicrosoftEdge, browserVersion: 42.17134.1.0, javascriptEnabled: true, locationContextEnabled: true, pageLoadStrategy: normal, platform: WINDOWS, platformName: WINDOWS, platformVersion: 10, takesElementScreenshot: true, takesScreenshot: true, webStorageEnabled: true}
Session ID: D679188D-07E6-4AFF-AE07-8A4456758C87
09:37:17.760 [main] INFO  resources.base - User has clicked on the Account menu from the Shop Page
09:37:17.833 [main] ERROR resources.base - User not able to click on the users link from the Account Menu
09:37:17.833 [main] ERROR resources.base - Invalid argument (WARNING: The server did not provide any stacktrace information)
Command duration or timeout: 0 milliseconds
Build info: version: '3.8.1', revision: '6e95a6684b', time: '2017-12-01T18:33:54.468Z'
System info: host: 'DESKTOP-B75F35K', ip: '192.168.14.216', os.name: 'Windows 10', os.arch: 'amd64', os.version: '10.0', java.version: '1.8.0_171'
Driver info: org.openqa.selenium.edge.EdgeDriver
Capabilities {InPrivate: false, acceptSslCerts: true, applicationCacheEnabled: true, browserName: MicrosoftEdge, browserVersion: 42.17134.1.0, javascriptEnabled: true, locationContextEnabled: true, pageLoadStrategy: normal, platform: WINDOWS, platformName: WINDOWS, platformVersion: 10, takesElementScreenshot: true, takesScreenshot: true, webStorageEnabled: true}
Session ID: D679188D-07E6-4AFF-AE07-8A4456758C87
09:37:37.856 [main] ERROR resources.base - User not able to click on request tab on the users page
09:37:37.856 [main] ERROR resources.base - No such element (WARNING: The server did not provide any stacktrace information)
Command duration or timeout: 0 milliseconds
For documentation on this error, please visit: http://seleniumhq.org/exceptions/no_such_element.html
Build info: version: '3.8.1', revision: '6e95a6684b', time: '2017-12-01T18:33:54.468Z'
System info: host: 'DESKTOP-B75F35K', ip: '192.168.14.216', os.name: 'Windows 10', os.arch: 'amd64', os.version: '10.0', java.version: '1.8.0_171'
Driver info: org.openqa.selenium.edge.EdgeDriver
Capabilities {InPrivate: false, acceptSslCerts: true, applicationCacheEnabled: true, browserName: MicrosoftEdge, browserVersion: 42.17134.1.0, javascriptEnabled: true, locationContextEnabled: true, pageLoadStrategy: normal, platform: WINDOWS, platformName: WINDOWS, platformVersion: 10, takesElementScreenshot: true, takesScreenshot: true, webStorageEnabled: true}
Session ID: D679188D-07E6-4AFF-AE07-8A4456758C87
*** Element info: {Using=xpath, value=//a[text()='Requests ']}
09:37:57.911 [main] ERROR resources.base - User not able to click on Invites tab on the users page
09:37:57.911 [main] ERROR resources.base - No such element (WARNING: The server did not provide any stacktrace information)
Command duration or timeout: 0 milliseconds
For documentation on this error, please visit: http://seleniumhq.org/exceptions/no_such_element.html
Build info: version: '3.8.1', revision: '6e95a6684b', time: '2017-12-01T18:33:54.468Z'
System info: host: 'DESKTOP-B75F35K', ip: '192.168.14.216', os.name: 'Windows 10', os.arch: 'amd64', os.version: '10.0', java.version: '1.8.0_171'
Driver info: org.openqa.selenium.edge.EdgeDriver
Capabilities {InPrivate: false, acceptSslCerts: true, applicationCacheEnabled: true, browserName: MicrosoftEdge, browserVersion: 42.17134.1.0, javascriptEnabled: true, locationContextEnabled: true, pageLoadStrategy: normal, platform: WINDOWS, platformName: WINDOWS, platformVersion: 10, takesElementScreenshot: true, takesScreenshot: true, webStorageEnabled: true}
Session ID: D679188D-07E6-4AFF-AE07-8A4456758C87
*** Element info: {Using=xpath, value=//a[text()='Invites ']}
09:37:59.990 [main] INFO  resources.base - User has clicked on the Account menu from the Shop Page
09:38:02.334 [main] INFO  resources.base - User has clicked on the Logout Page from the Account Menu
09:38:02.435 [main] INFO  resources.base - User has clicked on the Forget Password Link from the Login Page
09:38:07.518 [main] INFO  resources.base - Email textbox is present on the Forget password page
09:38:10.597 [main] INFO  resources.base - User has clicked on the submit button on the forget password Page
09:38:10.650 [main] INFO  resources.base - Once the User click on Submit button then the validation message is appearing
09:38:14.085 [main] INFO  resources.base - User Clicked on Create Account Link from the Login Page
09:38:14.141 [main] INFO  resources.base - Signup Page is opended and its title is being captured
09:38:14.168 [main] INFO  resources.base - Email Text Box is present on the Signup Page
09:38:14.247 [main] INFO  resources.base - Verify button is present on the Signup Page and user has clicked on it
09:38:14.273 [main] INFO  resources.base - Once the User pressed the Verify button , Validation message is appearing on the Signup Page
09:40:59.811 [main] INFO  resources.base - The title of the home page is captured
09:40:59.811 [main] INFO  resources.base - The title of the Shop page is Verified Successfully
09:41:01.928 [main] INFO  resources.base - From the Home Page User has Clicked on MarkITPlace tab
09:41:01.928 [main] INFO  resources.base - User has routed to the Shop Page after clicking on MarketPlace link
09:41:04.121 [main] INFO  resources.base - User has Clicked on the Manage tab from the Home Dashboard
09:41:04.121 [main] INFO  resources.base - user has routed to the Manage Page after clicking on the manage Tab
09:41:04.170 [main] INFO  resources.base - User has Successfully nevigated to the manage Page
09:41:04.217 [main] INFO  resources.base - Billing & invoice link is present on the Manage Page
09:41:04.243 [main] INFO  resources.base - Calendar link is present on the Manage Page
09:41:04.356 [main] INFO  resources.base - Subscription link is present on the Manage Page
09:41:07.422 [main] INFO  resources.base - User has clicked on the Insight tab from the Home Page
09:41:07.482 [main] INFO  resources.base - After clicking on the Insight Tab from the Home page , User have successfully nevigate to the Insight Page
09:41:07.507 [main] INFO  resources.base - Dashboard Link is present on the Insight Page
09:41:07.529 [main] INFO  resources.base - Report Link is present on the Insight Page
09:41:09.587 [main] INFO  resources.base - User has clicked on the notification link from the Home Page
09:41:09.587 [main] INFO  resources.base - User has routed to the Notification page after clicking on the notification link
09:41:09.708 [main] INFO  resources.base - Notification heading is present on the Notifications page
09:41:09.747 [main] INFO  resources.base - All Notification tab is present on the Notifications page
09:41:09.803 [main] INFO  resources.base - Flagged tab is present on the Notifications page
09:41:14.938 [main] INFO  resources.base - User has clicked on the Logo from the Notification Page
09:41:14.970 [main] INFO  resources.base - After clicking on logo, user has roue to the Homepage
09:41:15.054 [main] INFO  resources.base - User has clicked on the Account menu from the Shop Page
09:41:20.611 [main] INFO  resources.base - User has clicked on the My Profile Page from the Account Menu
09:41:20.718 [main] INFO  resources.base - My Profile heading is present on My Profile Page
09:41:27.805 [main] INFO  resources.base - User has clicked on the Edit Profile button on My Profile Page
09:41:27.928 [main] INFO  resources.base - Edit profile heading is present on the Edit profile page
09:41:29.985 [main] INFO  resources.base - User has clicked on the Account menu from the Shop Page
09:41:35.144 [main] INFO  resources.base - User has clicked on the Change Password Link from the Account Menu
09:41:36.271 [main] INFO  resources.base - Change password heading is present on Change Password Page
09:41:38.424 [main] INFO  resources.base - User has clicked on the Account Setting from the left navigation menu
09:41:38.921 [main] INFO  resources.base - Account Settings heading is present on Account Settings Page
09:41:40.989 [main] INFO  resources.base - User has clicked on the Catalog Restrictions link from the left navigation menu
09:41:41.094 [main] INFO  resources.base - Catalog Restrictions heading is present on Catalog Page
09:41:43.245 [main] INFO  resources.base - User has clicked on the Domain link from the left navigation menu
09:41:43.366 [main] INFO  resources.base - Manage Domains heading is present on Domain Page
09:41:45.509 [main] INFO  resources.base - User has clicked on the Account menu from the Shop Page
09:41:50.924 [main] INFO  resources.base - User has clicked on the Address of Use Link from the Account Menu
09:41:53.063 [main] INFO  resources.base - Address of Use heading is present on the Address Page
09:41:55.185 [main] INFO  resources.base - User has clicked on the Account menu from the Shop Page
09:42:00.569 [main] INFO  resources.base - User has clicked on the users Link from the Account Menu
09:42:05.700 [main] INFO  resources.base - Tabs are appearing on the Users Page
09:42:08.874 [main] INFO  resources.base - User has clicked on the request tab on the users page
09:42:08.937 [main] INFO  resources.base - After clicking on request tab, the request tab becomes active
09:42:10.994 [main] INFO  resources.base - User has clicked on the Invites tab on the users page
09:42:11.086 [main] INFO  resources.base - After clicking on Invites tab, the Invites tab becomes active
09:42:13.214 [main] INFO  resources.base - User has clicked on the Account menu from the Shop Page
09:42:15.633 [main] INFO  resources.base - User has clicked on the Logout Page from the Account Menu
09:42:15.744 [main] INFO  resources.base - User has clicked on the Forget Password Link from the Login Page
09:42:20.861 [main] INFO  resources.base - Email textbox is present on the Forget password page
09:42:23.959 [main] INFO  resources.base - User has clicked on the submit button on the forget password Page
09:42:24.019 [main] INFO  resources.base - Once the User click on Submit button then the validation message is appearing
09:42:27.518 [main] INFO  resources.base - User Clicked on Create Account Link from the Login Page
09:42:27.577 [main] INFO  resources.base - Signup Page is opended and its title is being captured
09:42:27.601 [main] INFO  resources.base - Email Text Box is present on the Signup Page
09:42:27.682 [main] INFO  resources.base - Verify button is present on the Signup Page and user has clicked on it
09:42:27.768 [main] INFO  resources.base - Once the User pressed the Verify button , Validation message is appearing on the Signup Page
